


ARM Macro Assembler    Page 1 


    1 00000000         ;/*-----------------------------------------------------
                       ----------------------------------------------------*/
    2 00000000         ;/* Holtek Semiconductor Inc.                           
                                                                           */
    3 00000000         ;/*                                                     
                                                                           */
    4 00000000         ;/* Copyright (C) Holtek Semiconductor Inc.             
                                                                           */
    5 00000000         ;/* All rights reserved.                                
                                                                           */
    6 00000000         ;/*                                                     
                                                                           */
    7 00000000         ;/*-----------------------------------------------------
                       ------------------------------------------------------
    8 00000000         ;  File Name        : startup_ht32f5xxxx_01.s
    9 00000000         ;  Version          : $Rev:: 3380         $
   10 00000000         ;  Date             : $Date:: 2019-02-12 #$
   11 00000000         ;  Description      : Startup code.
   12 00000000         ;-------------------------------------------------------
                       ----------------------------------------------------*/
   13 00000000         
   14 00000000         ;  Supported Device
   15 00000000         ;  ========================================
   16 00000000         ;   HT32F52220, HT32F52230
   17 00000000         ;   HT32F52231, HT32F52241
   18 00000000         ;   HT32F52331, HT32F52341
   19 00000000         ;   HT32F52342, HT32F52352
   20 00000000         ;   HT32F52243, HT32F52253
   21 00000000         ;   HT32F0008
   22 00000000         ;   HT32F52344, HT32F52354
   23 00000000         ;   HT32F0006
   24 00000000         
   25 00000000         ;/* <<< Use Configuration Wizard in Context Menu >>>    
                                                                           */
   26 00000000         
   27 00000000         ;// <o>  HT32 Device
   28 00000000         ;//      <0=> By Project Asm Define
   29 00000000         ;//      <1=> HT32F52220/30
   30 00000000         ;//      <2=> HT32F52231/41
   31 00000000         ;//      <3=> HT32F52331/41
   32 00000000         ;//      <4=> HT32F52342/52
   33 00000000         ;//      <5=> HT32F52243/53
   34 00000000         ;//      <6=> HT32F0008
   35 00000000         ;//      <9=> HT32F52344/54
   36 00000000         ;//      <10=> HT32F0006
   37 00000000 00000000 
                       USE_HT32_CHIP_SET
                               EQU              0
   38 00000000         
   39 00000000 FFFFFFFF 
                       _HT32FWID
                               EQU              0xFFFFFFFF
   40 00000000         ;_HT32FWID           EQU     0x00052220
   41 00000000         ;_HT32FWID           EQU     0x00052230
   42 00000000         ;_HT32FWID           EQU     0x00052231
   43 00000000         ;_HT32FWID           EQU     0x00052241
   44 00000000         ;_HT32FWID           EQU     0x00052331
   45 00000000         ;_HT32FWID           EQU     0x00052341
   46 00000000         ;_HT32FWID           EQU     0x00052342



ARM Macro Assembler    Page 2 


   47 00000000         ;_HT32FWID           EQU     0x00052352
   48 00000000         ;_HT32FWID           EQU     0x00052243
   49 00000000         ;_HT32FWID           EQU     0x00052253
   50 00000000         ;_HT32FWID           EQU     0x00000008
   51 00000000         ;_HT32FWID           EQU     0x00052344
   52 00000000         ;_HT32FWID           EQU     0x00052354
   53 00000000         ;_HT32FWID           EQU     0x00000006
   54 00000000         
   55 00000000 00000001 
                       HT32F52220_30
                               EQU              1
   56 00000000 00000002 
                       HT32F52231_41
                               EQU              2
   57 00000000 00000003 
                       HT32F52331_41
                               EQU              3
   58 00000000 00000004 
                       HT32F52342_52
                               EQU              4
   59 00000000 00000005 
                       HT32F52243_53
                               EQU              5
   60 00000000 00000006 
                       HT32F0008
                               EQU              6
   61 00000000 00000009 
                       HT32F52344_54
                               EQU              9
   62 00000000 0000000A 
                       HT32F0006
                               EQU              10
   63 00000000         
   64 00000000                 IF               USE_HT32_CHIP_SET=0
   65 00000000                 ELSE
   67                          ENDIF
   68 00000000         
   69 00000000         ; Amount of memory (in bytes) allocated for Stack and He
                       ap
   70 00000000         ; Tailor those values to your application needs
   71 00000000         ;//   <o> Stack Size (in Bytes, must 8 byte aligned) <0-
                       16384:8>
   72 00000000 00000200 
                       Stack_Size
                               EQU              512
   73 00000000         
   74 00000000                 AREA             STACK, NOINIT, READWRITE, ALIGN
 = 3
   75 00000000         __HT_check_sp
   76 00000000         Stack_Mem
                               SPACE            Stack_Size
   77 00000200         __initial_sp
   78 00000200         
   79 00000200         ;//   <o>  Heap Size (in Bytes) <0-16384:8>
   80 00000200 00000000 
                       Heap_Size
                               EQU              0
   81 00000200         
   82 00000200                 AREA             HEAP, NOINIT, READWRITE, ALIGN 



ARM Macro Assembler    Page 3 


= 3
   83 00000000         __HT_check_heap
   84 00000000         __heap_base
   85 00000000         Heap_Mem
                               SPACE            Heap_Size
   86 00000000         __heap_limit
   87 00000000         
   88 00000000                 PRESERVE8
   89 00000000                 THUMB
   90 00000000         
   91 00000000         ;*******************************************************
                       ************************
   92 00000000         ; Fill-up the Vector Table entries with the exceptions I
                       SR address
   93 00000000         ;*******************************************************
                       ************************
   94 00000000                 AREA             RESET, CODE, READONLY
   95 00000000                 EXPORT           __Vectors
   96 00000000 FFFFFFFF 
                       _RESERVED
                               EQU              0xFFFFFFFF
   97 00000000         __Vectors
   98 00000000 00000000        DCD              __initial_sp ; ---, 00, 0x000, 
                                                            Top address of Stac
                                                            k
   99 00000004 00000000        DCD              Reset_Handler ; ---, 01, 0x004,
                                                             Reset Handler
  100 00000008 00000000        DCD              NMI_Handler ; -14, 02, 0x008, N
                                                            MI Handler
  101 0000000C 00000000        DCD              HardFault_Handler ; -13, 03, 0x
                                                            00C, Hard Fault Han
                                                            dler
  102 00000010 FFFFFFFF        DCD              _RESERVED   ; ---, 04, 0x010, R
                                                            eserved
  103 00000014 FFFFFFFF        DCD              _RESERVED   ; ---, 05, 0x014, R
                                                            eserved
  104 00000018 FFFFFFFF        DCD              _RESERVED   ; ---, 06, 0x018, R
                                                            eserved
  105 0000001C FFFFFFFF        DCD              _RESERVED   ; ---, 07, 0x01C, R
                                                            eserved
  106 00000020 FFFFFFFF        DCD              _HT32FWID   ; ---, 08, 0x020, R
                                                            eserved
  107 00000024 FFFFFFFF        DCD              _RESERVED   ; ---, 09, 0x024, R
                                                            eserved
  108 00000028 FFFFFFFF        DCD              _RESERVED   ; ---, 10, 0x028, R
                                                            eserved
  109 0000002C 00000000        DCD              SVC_Handler ; -05, 11, 0x02C, S
                                                            VC Handler
  110 00000030 FFFFFFFF        DCD              _RESERVED   ; ---, 12, 0x030, R
                                                            eserved
  111 00000034 FFFFFFFF        DCD              _RESERVED   ; ---, 13, 0x034, R
                                                            eserved
  112 00000038 00000000        DCD              PendSV_Handler ; -02, 14, 0x038
                                                            , PendSV Handler
  113 0000003C 00000000        DCD              SysTick_Handler ; -01, 15, 0x03
                                                            C, SysTick Handler
  114 00000040         
  115 00000040         ; External Interrupt Handler
  116 00000040 00000000        DCD              LVD_BOD_IRQHandler 



ARM Macro Assembler    Page 4 


                                                            ;  00, 16, 0x040,
  117 00000044                 IF               (USE_HT32_CHIP=HT32F52220_30)
  120 00000044 00000000        DCD              RTC_IRQHandler 
                                                            ;  01, 17, 0x044,
  121 00000048                 ENDIF
  122 00000048 00000000        DCD              FLASH_IRQHandler 
                                                            ;  02, 18, 0x048,
  123 0000004C 00000000        DCD              EVWUP_IRQHandler 
                                                            ;  03, 19, 0x04C,
  124 00000050 00000000        DCD              EXTI0_1_IRQHandler 
                                                            ;  04, 20, 0x050,
  125 00000054 00000000        DCD              EXTI2_3_IRQHandler 
                                                            ;  05, 21, 0x054,
  126 00000058 00000000        DCD              EXTI4_15_IRQHandler 
                                                            ;  06, 22, 0x058,
  127 0000005C                 IF               (USE_HT32_CHIP=HT32F52342_52) |
| (USE_HT32_CHIP=HT32F52344_54)
  128 0000005C 00000000        DCD              COMP_IRQHandler 
                                                            ;  07, 23, 0x05C,
  129 00000060                 ELSE
  131                          ENDIF
  132 00000060                 IF               (USE_HT32_CHIP=HT32F0008)
  135 00000060 00000000        DCD              ADC_IRQHandler 
                                                            ;  08, 24, 0x060,
  136 00000064                 ENDIF
  137 00000064                 IF               (USE_HT32_CHIP=HT32F52243_53)
  140 00000064 FFFFFFFF        DCD              _RESERVED   ;  09, 25, 0x064,
  141 00000068                 ENDIF
  142 00000068                 IF               (USE_HT32_CHIP=HT32F52220_30) |
| (USE_HT32_CHIP=HT32F0008) || (USE_HT32_CHIP=HT32F0006)
  145 00000068 00000000        DCD              MCTM0_IRQHandler 
                                                            ;  10, 26, 0x068,
  146 0000006C                 ENDIF
  147 0000006C                 IF               (USE_HT32_CHIP=HT32F52342_52)
  148 0000006C 00000000        DCD              GPTM1_IRQHandler 
                                                            ;  11, 27, 0x06C,
  149 00000070                 ELSE
  151                          ENDIF
  152 00000070 00000000        DCD              GPTM0_IRQHandler 
                                                            ;  12, 28, 0x070,
  153 00000074                 IF               (USE_HT32_CHIP=HT32F0008)
  157 00000074 00000000        DCD              SCTM0_IRQHandler 
                                                            ;  13, 29, 0x074,
  158 00000078 00000000        DCD              SCTM1_IRQHandler 
                                                            ;  14, 30, 0x078,
  159 0000007C                 ENDIF
  160 0000007C                 IF               (USE_HT32_CHIP=HT32F52231_41) |
| (USE_HT32_CHIP=HT32F52331_41) || (USE_HT32_CHIP=HT32F52243_53) || (USE_HT32_C
HIP=HT32F0006)
  163                          ENDIF
  164 0000007C                 IF               (USE_HT32_CHIP=HT32F0008)
  167                          ENDIF
  168 0000007C                 IF               (USE_HT32_CHIP=HT32F52220_30) |
| (USE_HT32_CHIP=HT32F52342_52) || (USE_HT32_CHIP=HT32F52344_54)
  169 0000007C FFFFFFFF        DCD              _RESERVED   ;  15, 31, 0x07C,
  170 00000080 FFFFFFFF        DCD              _RESERVED   ;  16, 32, 0x080,
  171 00000084                 ENDIF
  172 00000084 00000000        DCD              BFTM0_IRQHandler 
                                                            ;  17, 33, 0x084,



ARM Macro Assembler    Page 5 


  173 00000088                 IF               (USE_HT32_CHIP=HT32F52220_30)
  176 00000088 00000000        DCD              BFTM1_IRQHandler 
                                                            ;  18, 34, 0x088,
  177 0000008C                 ENDIF
  178 0000008C 00000000        DCD              I2C0_IRQHandler 
                                                            ;  19, 35, 0x08C,
  179 00000090                 IF               (USE_HT32_CHIP=HT32F52220_30) |
| (USE_HT32_CHIP=HT32F0008) || (USE_HT32_CHIP=HT32F52344_54) || (USE_HT32_CHIP=
HT32F0006)
  182 00000090 00000000        DCD              I2C1_IRQHandler 
                                                            ;  20, 36, 0x090,
  183 00000094                 ENDIF
  184 00000094 00000000        DCD              SPI0_IRQHandler 
                                                            ;  21, 37, 0x094,
  185 00000098                 IF               (USE_HT32_CHIP=HT32F52220_30) |
| (USE_HT32_CHIP=HT32F0008)
  188 00000098                 IF               (USE_HT32_CHIP=HT32F0006)
  191 00000098 00000000        DCD              SPI1_IRQHandler 
                                                            ;  22, 38, 0x098,
  192 0000009C                 ENDIF
  193 0000009C                 ENDIF
  194 0000009C                 IF               (USE_HT32_CHIP=HT32F52344_54)
  197 0000009C 00000000        DCD              USART0_IRQHandler 
                                                            ;  23, 39, 0x09C,
  198 000000A0                 ENDIF
  199 000000A0                 IF               (USE_HT32_CHIP=HT32F52342_52) |
| (USE_HT32_CHIP=HT32F52243_53)
  200 000000A0 00000000        DCD              USART1_IRQHandler 
                                                            ;  24, 40, 0x0A0,
  201 000000A4                 ELSE
  203                          ENDIF
  204 000000A4 00000000        DCD              UART0_IRQHandler 
                                                            ;  25, 41, 0x0A4,
  205 000000A8                 IF               (USE_HT32_CHIP=HT32F52220_30) |
| (USE_HT32_CHIP=HT32F0008) || (USE_HT32_CHIP=HT32F0006)
  208 000000A8 00000000        DCD              UART1_IRQHandler 
                                                            ;  26, 42, 0x0A8,
  209 000000AC                 ENDIF
  210 000000AC                 IF               (USE_HT32_CHIP=HT32F52331_41) |
| (USE_HT32_CHIP=HT32F52342_52)
  211 000000AC 00000000        DCD              SCI_IRQHandler 
                                                            ;  27, 43, 0x0AC,
  212 000000B0                 ENDIF
  213 000000B0                 IF               (USE_HT32_CHIP=HT32F52243_53)
  215                          ENDIF
  216 000000B0                 IF               (USE_HT32_CHIP=HT32F0006)
  218                          ENDIF
  219 000000B0                 IF               (USE_HT32_CHIP=HT32F0008) || (U
SE_HT32_CHIP=HT32F52344_54)
  221                          ENDIF
  222 000000B0                 IF               (USE_HT32_CHIP=HT32F52342_52) |
| (USE_HT32_CHIP=HT32F0006)
  223 000000B0 00000000        DCD              I2S_IRQHandler 
                                                            ;  28, 44, 0x0B0,
  224 000000B4                 ENDIF
  225 000000B4                 IF               (USE_HT32_CHIP=HT32F52331_41) |
| (USE_HT32_CHIP=HT32F52344_54)
  227                          ENDIF
  228 000000B4                 IF               (USE_HT32_CHIP=HT32F52243_53)



ARM Macro Assembler    Page 6 


  230                          ENDIF
  231 000000B4                 IF               (USE_HT32_CHIP=HT32F0008)
  233                          ENDIF
  234 000000B4                 IF               (USE_HT32_CHIP=HT32F52331_41) |
| (USE_HT32_CHIP=HT32F52342_52) || (USE_HT32_CHIP=HT32F0008) || (USE_HT32_CHIP=
HT32F52344_54) || (USE_HT32_CHIP=HT32F0006)
  235 000000B4 00000000        DCD              USB_IRQHandler 
                                                            ;  29, 45, 0x0B4,
  236 000000B8                 ENDIF
  237 000000B8                 IF               (USE_HT32_CHIP=HT32F52243_53)
  239                          ENDIF
  240 000000B8                 IF               (USE_HT32_CHIP=HT32F52342_52) |
| (USE_HT32_CHIP=HT32F52243_53) || (USE_HT32_CHIP=HT32F0008) || (USE_HT32_CHIP=
HT32F52344_54) || (USE_HT32_CHIP=HT32F0006)
  241 000000B8 00000000        DCD              PDMA_CH0_1_IRQHandler 
                                                            ;  30, 46, 0x0B8,
  242 000000BC 00000000        DCD              PDMA_CH2_5_IRQHandler 
                                                            ;  31, 47, 0x0BC,
  243 000000C0                 ENDIF
  244 000000C0         
  245 000000C0         ; Reset handler routine
  246 000000C0         Reset_Handler
                               PROC
  247 000000C0                 EXPORT           Reset_Handler                  
 [WEAK]
  248 000000C0                 IMPORT           SystemInit
  249 000000C0                 IMPORT           __main
  250 000000C0 4810            LDR              R0, =BootProcess
  251 000000C2 4780            BLX              R0
  252 000000C4 4810            LDR              R0, =SystemInit
  253 000000C6 4780            BLX              R0
  254 000000C8 4810            LDR              R0, =__main
  255 000000CA 4700            BX               R0
  256 000000CC                 ENDP
  257 000000CC         
  258 000000CC         BootProcess
                               PROC
  259 000000CC 4810            LDR              R0, =0x40080300
  260 000000CE 6901            LDR              R1,[R0, #0x10]
  261 000000D0 2900            CMP              R1, #0
  262 000000D2 D110            BNE              SysStart
  263 000000D4 6941            LDR              R1,[R0, #0x14]
  264 000000D6 2900            CMP              R1, #0
  265 000000D8 D10D            BNE              SysStart
  266 000000DA 6981            LDR              R1,[R0, #0x18]
  267 000000DC 2900            CMP              R1, #0
  268 000000DE D10A            BNE              SysStart
  269 000000E0 69C1            LDR              R1,[R0, #0x1C]
  270 000000E2 2900            CMP              R1, #0
  271 000000E4 D107            BNE              SysStart
  272 000000E6 F3BF 8F4F       DSB
  273 000000EA 490A            LDR              R1, =0xe000ed00
  274 000000EC 480A            LDR              R0, =0x05fa0004
  275 000000EE 60C8            STR              R0, [R1, #0xC]
  276 000000F0 F3BF 8F4F       DSB
  277 000000F4 E7FE            B                .
  278 000000F6 4770    SysStart
                               BX               LR
  279 000000F8                 ENDP



ARM Macro Assembler    Page 7 


  280 000000F8         
  281 000000F8         ; Dummy Exception Handlers
  282 000000F8         NMI_Handler
                               PROC
  283 000000F8                 EXPORT           NMI_Handler                    
 [WEAK]
  284 000000F8 E7FE            B                .
  285 000000FA                 ENDP
  286 000000FA         
  287 000000FA         HardFault_Handler
                               PROC
  288 000000FA                 EXPORT           HardFault_Handler              
 [WEAK]
  289 000000FA E7FE            B                .
  290 000000FC                 ENDP
  291 000000FC         
  292 000000FC         SVC_Handler
                               PROC
  293 000000FC                 EXPORT           SVC_Handler                    
 [WEAK]
  294 000000FC E7FE            B                .
  295 000000FE                 ENDP
  296 000000FE         
  297 000000FE         PendSV_Handler
                               PROC
  298 000000FE                 EXPORT           PendSV_Handler                 
 [WEAK]
  299 000000FE E7FE            B                .
  300 00000100                 ENDP
  301 00000100         
  302 00000100         SysTick_Handler
                               PROC
  303 00000100                 EXPORT           SysTick_Handler                
 [WEAK]
  304 00000100 E7FE            B                .
  305 00000102                 ENDP
  306 00000102         
  307 00000102         Default_Handler
                               PROC
  308 00000102                 EXPORT           LVD_BOD_IRQHandler             
 [WEAK]
  309 00000102                 EXPORT           RTC_IRQHandler                 
 [WEAK]
  310 00000102                 EXPORT           FLASH_IRQHandler               
 [WEAK]
  311 00000102                 EXPORT           EVWUP_IRQHandler               
 [WEAK]
  312 00000102                 EXPORT           EXTI0_1_IRQHandler             
 [WEAK]
  313 00000102                 EXPORT           EXTI2_3_IRQHandler             
 [WEAK]
  314 00000102                 EXPORT           EXTI4_15_IRQHandler            
 [WEAK]
  315 00000102                 EXPORT           COMP_IRQHandler                
 [WEAK]
  316 00000102                 EXPORT           ADC_IRQHandler                 
 [WEAK]
  317 00000102                 EXPORT           MCTM0_IRQHandler               
 [WEAK]



ARM Macro Assembler    Page 8 


  318 00000102                 EXPORT           GPTM1_IRQHandler               
 [WEAK]
  319 00000102                 EXPORT           GPTM0_IRQHandler               
 [WEAK]
  320 00000102                 EXPORT           SCTM0_IRQHandler               
 [WEAK]
  321 00000102                 EXPORT           SCTM1_IRQHandler               
 [WEAK]
  322 00000102                 EXPORT           SCTM2_IRQHandler               
 [WEAK]
  323 00000102                 EXPORT           SCTM3_IRQHandler               
 [WEAK]
  324 00000102                 EXPORT           PWM0_IRQHandler                
 [WEAK]
  325 00000102                 EXPORT           PWM1_IRQHandler                
 [WEAK]
  326 00000102                 EXPORT           BFTM0_IRQHandler               
 [WEAK]
  327 00000102                 EXPORT           BFTM1_IRQHandler               
 [WEAK]
  328 00000102                 EXPORT           I2C0_IRQHandler                
 [WEAK]
  329 00000102                 EXPORT           I2C1_IRQHandler                
 [WEAK]
  330 00000102                 EXPORT           I2C2_IRQHandler                
 [WEAK]
  331 00000102                 EXPORT           SPI0_IRQHandler                
 [WEAK]
  332 00000102                 EXPORT           SPI1_IRQHandler                
 [WEAK]
  333 00000102                 EXPORT           QSPI_IRQHandler                
 [WEAK]
  334 00000102                 EXPORT           USART0_IRQHandler              
 [WEAK]
  335 00000102                 EXPORT           USART1_IRQHandler              
 [WEAK]
  336 00000102                 EXPORT           UART0_IRQHandler               
 [WEAK]
  337 00000102                 EXPORT           UART1_IRQHandler               
 [WEAK]
  338 00000102                 EXPORT           UART2_IRQHandler               
 [WEAK]
  339 00000102                 EXPORT           UART3_IRQHandler               
 [WEAK]
  340 00000102                 EXPORT           SCI_IRQHandler                 
 [WEAK]
  341 00000102                 EXPORT           MIDI_IRQHandler                
 [WEAK]
  342 00000102                 EXPORT           I2S_IRQHandler                 
 [WEAK]
  343 00000102                 EXPORT           AES_IRQHandler                 
 [WEAK]
  344 00000102                 EXPORT           USB_IRQHandler                 
 [WEAK]
  345 00000102                 EXPORT           PDMA_CH0_1_IRQHandler          
 [WEAK]
  346 00000102                 EXPORT           PDMA_CH2_5_IRQHandler          
 [WEAK]
  347 00000102         



ARM Macro Assembler    Page 9 


  348 00000102         LVD_BOD_IRQHandler
  349 00000102         RTC_IRQHandler
  350 00000102         FLASH_IRQHandler
  351 00000102         EVWUP_IRQHandler
  352 00000102         EXTI0_1_IRQHandler
  353 00000102         EXTI2_3_IRQHandler
  354 00000102         EXTI4_15_IRQHandler
  355 00000102         COMP_IRQHandler
  356 00000102         ADC_IRQHandler
  357 00000102         MCTM0_IRQHandler
  358 00000102         GPTM1_IRQHandler
  359 00000102         GPTM0_IRQHandler
  360 00000102         SCTM0_IRQHandler
  361 00000102         SCTM1_IRQHandler
  362 00000102         SCTM2_IRQHandler
  363 00000102         SCTM3_IRQHandler
  364 00000102         PWM0_IRQHandler
  365 00000102         PWM1_IRQHandler
  366 00000102         BFTM0_IRQHandler
  367 00000102         BFTM1_IRQHandler
  368 00000102         I2C0_IRQHandler
  369 00000102         I2C1_IRQHandler
  370 00000102         I2C2_IRQHandler
  371 00000102         SPI0_IRQHandler
  372 00000102         SPI1_IRQHandler
  373 00000102         QSPI_IRQHandler
  374 00000102         USART0_IRQHandler
  375 00000102         USART1_IRQHandler
  376 00000102         UART0_IRQHandler
  377 00000102         UART1_IRQHandler
  378 00000102         UART2_IRQHandler
  379 00000102         UART3_IRQHandler
  380 00000102         SCI_IRQHandler
  381 00000102         MIDI_IRQHandler
  382 00000102         I2S_IRQHandler
  383 00000102         AES_IRQHandler
  384 00000102         USB_IRQHandler
  385 00000102         PDMA_CH0_1_IRQHandler
  386 00000102         PDMA_CH2_5_IRQHandler
  387 00000102 E7FE            B                .
  388 00000104                 ENDP
  389 00000104         
  390 00000104                 ALIGN
  391 00000104         
  392 00000104         ;*******************************************************
                       ************************
  393 00000104         ; User Stack and Heap initialization
  394 00000104         ;*******************************************************
                       ************************
  395 00000104                 IF               :DEF:__MICROLIB
  396 00000104         
  397 00000104                 EXPORT           __HT_check_heap
  398 00000104                 EXPORT           __HT_check_sp
  399 00000104                 EXPORT           __initial_sp
  400 00000104                 EXPORT           __heap_base
  401 00000104                 EXPORT           __heap_limit
  402 00000104         
  403 00000104                 ELSE
  417                          ENDIF



ARM Macro Assembler    Page 10 


  418 00000104         
  419 00000104                 END
              00000000 
              00000000 
              00000000 
              40080300 
              E000ED00 
              05FA0004 
Command Line: --debug --xref --diag_suppress=9931 --cpu=Cortex-M0+ --apcs=inter
work --depend=.\ht32\52352\obj\startup_ht32f5xxxx_01.d -o.\ht32\52352\obj\start
up_ht32f5xxxx_01.o -IC:\Users\Liujizheng\Desktop\HT32_STD_5xxxx_FWLib_v009_3383
\example\USART\HyperTerminal_TxRx\MDK_ARMv5\RTE -IC:\Keil_v5\ARM\PACK\Holtek\HT
32_DFP\1.0.14 -IC:\Keil_v5\ARM\CMSIS\Include --predefine="__MICROLIB SETA 1" --
predefine="__UVISION_VERSION SETA 514" --predefine="USE_HT32F52342_52 SETA 1" -
-predefine="USE_HT32_CHIP SETA 4" --list=.\ht32\52352\list\startup_ht32f5xxxx_0
1.lst startup_ht32f5xxxx_01.s



ARM Macro Assembler    Page 1 Alphabetic symbol ordering
Relocatable symbols

STACK 00000000

Symbol: STACK
   Definitions
      At line 74 in file startup_ht32f5xxxx_01.s
   Uses
      None
Comment: STACK unused
Stack_Mem 00000000

Symbol: Stack_Mem
   Definitions
      At line 76 in file startup_ht32f5xxxx_01.s
   Uses
      None
Comment: Stack_Mem unused
__HT_check_sp 00000000

Symbol: __HT_check_sp
   Definitions
      At line 75 in file startup_ht32f5xxxx_01.s
   Uses
      At line 398 in file startup_ht32f5xxxx_01.s
Comment: __HT_check_sp used once
__initial_sp 00000200

Symbol: __initial_sp
   Definitions
      At line 77 in file startup_ht32f5xxxx_01.s
   Uses
      At line 98 in file startup_ht32f5xxxx_01.s
      At line 399 in file startup_ht32f5xxxx_01.s

4 symbols



ARM Macro Assembler    Page 1 Alphabetic symbol ordering
Relocatable symbols

HEAP 00000000

Symbol: HEAP
   Definitions
      At line 82 in file startup_ht32f5xxxx_01.s
   Uses
      None
Comment: HEAP unused
Heap_Mem 00000000

Symbol: Heap_Mem
   Definitions
      At line 85 in file startup_ht32f5xxxx_01.s
   Uses
      None
Comment: Heap_Mem unused
__HT_check_heap 00000000

Symbol: __HT_check_heap
   Definitions
      At line 83 in file startup_ht32f5xxxx_01.s
   Uses
      At line 397 in file startup_ht32f5xxxx_01.s
Comment: __HT_check_heap used once
__heap_base 00000000

Symbol: __heap_base
   Definitions
      At line 84 in file startup_ht32f5xxxx_01.s
   Uses
      At line 400 in file startup_ht32f5xxxx_01.s
Comment: __heap_base used once
__heap_limit 00000000

Symbol: __heap_limit
   Definitions
      At line 86 in file startup_ht32f5xxxx_01.s
   Uses
      At line 401 in file startup_ht32f5xxxx_01.s
Comment: __heap_limit used once
5 symbols



ARM Macro Assembler    Page 1 Alphabetic symbol ordering
Relocatable symbols

ADC_IRQHandler 00000102

Symbol: ADC_IRQHandler
   Definitions
      At line 356 in file startup_ht32f5xxxx_01.s
   Uses
      At line 135 in file startup_ht32f5xxxx_01.s
      At line 316 in file startup_ht32f5xxxx_01.s

AES_IRQHandler 00000102

Symbol: AES_IRQHandler
   Definitions
      At line 383 in file startup_ht32f5xxxx_01.s
   Uses
      At line 343 in file startup_ht32f5xxxx_01.s
Comment: AES_IRQHandler used once
BFTM0_IRQHandler 00000102

Symbol: BFTM0_IRQHandler
   Definitions
      At line 366 in file startup_ht32f5xxxx_01.s
   Uses
      At line 172 in file startup_ht32f5xxxx_01.s
      At line 326 in file startup_ht32f5xxxx_01.s

BFTM1_IRQHandler 00000102

Symbol: BFTM1_IRQHandler
   Definitions
      At line 367 in file startup_ht32f5xxxx_01.s
   Uses
      At line 176 in file startup_ht32f5xxxx_01.s
      At line 327 in file startup_ht32f5xxxx_01.s

BootProcess 000000CC

Symbol: BootProcess
   Definitions
      At line 258 in file startup_ht32f5xxxx_01.s
   Uses
      At line 250 in file startup_ht32f5xxxx_01.s
Comment: BootProcess used once
COMP_IRQHandler 00000102

Symbol: COMP_IRQHandler
   Definitions
      At line 355 in file startup_ht32f5xxxx_01.s
   Uses
      At line 128 in file startup_ht32f5xxxx_01.s
      At line 315 in file startup_ht32f5xxxx_01.s

Default_Handler 00000102

Symbol: Default_Handler
   Definitions
      At line 307 in file startup_ht32f5xxxx_01.s
   Uses
      None



ARM Macro Assembler    Page 2 Alphabetic symbol ordering
Relocatable symbols

Comment: Default_Handler unused
EVWUP_IRQHandler 00000102

Symbol: EVWUP_IRQHandler
   Definitions
      At line 351 in file startup_ht32f5xxxx_01.s
   Uses
      At line 123 in file startup_ht32f5xxxx_01.s
      At line 311 in file startup_ht32f5xxxx_01.s

EXTI0_1_IRQHandler 00000102

Symbol: EXTI0_1_IRQHandler
   Definitions
      At line 352 in file startup_ht32f5xxxx_01.s
   Uses
      At line 124 in file startup_ht32f5xxxx_01.s
      At line 312 in file startup_ht32f5xxxx_01.s

EXTI2_3_IRQHandler 00000102

Symbol: EXTI2_3_IRQHandler
   Definitions
      At line 353 in file startup_ht32f5xxxx_01.s
   Uses
      At line 125 in file startup_ht32f5xxxx_01.s
      At line 313 in file startup_ht32f5xxxx_01.s

EXTI4_15_IRQHandler 00000102

Symbol: EXTI4_15_IRQHandler
   Definitions
      At line 354 in file startup_ht32f5xxxx_01.s
   Uses
      At line 126 in file startup_ht32f5xxxx_01.s
      At line 314 in file startup_ht32f5xxxx_01.s

FLASH_IRQHandler 00000102

Symbol: FLASH_IRQHandler
   Definitions
      At line 350 in file startup_ht32f5xxxx_01.s
   Uses
      At line 122 in file startup_ht32f5xxxx_01.s
      At line 310 in file startup_ht32f5xxxx_01.s

GPTM0_IRQHandler 00000102

Symbol: GPTM0_IRQHandler
   Definitions
      At line 359 in file startup_ht32f5xxxx_01.s
   Uses
      At line 152 in file startup_ht32f5xxxx_01.s
      At line 319 in file startup_ht32f5xxxx_01.s

GPTM1_IRQHandler 00000102

Symbol: GPTM1_IRQHandler
   Definitions



ARM Macro Assembler    Page 3 Alphabetic symbol ordering
Relocatable symbols

      At line 358 in file startup_ht32f5xxxx_01.s
   Uses
      At line 148 in file startup_ht32f5xxxx_01.s
      At line 318 in file startup_ht32f5xxxx_01.s

HardFault_Handler 000000FA

Symbol: HardFault_Handler
   Definitions
      At line 287 in file startup_ht32f5xxxx_01.s
   Uses
      At line 101 in file startup_ht32f5xxxx_01.s
      At line 288 in file startup_ht32f5xxxx_01.s

I2C0_IRQHandler 00000102

Symbol: I2C0_IRQHandler
   Definitions
      At line 368 in file startup_ht32f5xxxx_01.s
   Uses
      At line 178 in file startup_ht32f5xxxx_01.s
      At line 328 in file startup_ht32f5xxxx_01.s

I2C1_IRQHandler 00000102

Symbol: I2C1_IRQHandler
   Definitions
      At line 369 in file startup_ht32f5xxxx_01.s
   Uses
      At line 182 in file startup_ht32f5xxxx_01.s
      At line 329 in file startup_ht32f5xxxx_01.s

I2C2_IRQHandler 00000102

Symbol: I2C2_IRQHandler
   Definitions
      At line 370 in file startup_ht32f5xxxx_01.s
   Uses
      At line 330 in file startup_ht32f5xxxx_01.s
Comment: I2C2_IRQHandler used once
I2S_IRQHandler 00000102

Symbol: I2S_IRQHandler
   Definitions
      At line 382 in file startup_ht32f5xxxx_01.s
   Uses
      At line 223 in file startup_ht32f5xxxx_01.s
      At line 342 in file startup_ht32f5xxxx_01.s

LVD_BOD_IRQHandler 00000102

Symbol: LVD_BOD_IRQHandler
   Definitions
      At line 348 in file startup_ht32f5xxxx_01.s
   Uses
      At line 116 in file startup_ht32f5xxxx_01.s
      At line 308 in file startup_ht32f5xxxx_01.s

MCTM0_IRQHandler 00000102



ARM Macro Assembler    Page 4 Alphabetic symbol ordering
Relocatable symbols


Symbol: MCTM0_IRQHandler
   Definitions
      At line 357 in file startup_ht32f5xxxx_01.s
   Uses
      At line 145 in file startup_ht32f5xxxx_01.s
      At line 317 in file startup_ht32f5xxxx_01.s

MIDI_IRQHandler 00000102

Symbol: MIDI_IRQHandler
   Definitions
      At line 381 in file startup_ht32f5xxxx_01.s
   Uses
      At line 341 in file startup_ht32f5xxxx_01.s
Comment: MIDI_IRQHandler used once
NMI_Handler 000000F8

Symbol: NMI_Handler
   Definitions
      At line 282 in file startup_ht32f5xxxx_01.s
   Uses
      At line 100 in file startup_ht32f5xxxx_01.s
      At line 283 in file startup_ht32f5xxxx_01.s

PDMA_CH0_1_IRQHandler 00000102

Symbol: PDMA_CH0_1_IRQHandler
   Definitions
      At line 385 in file startup_ht32f5xxxx_01.s
   Uses
      At line 241 in file startup_ht32f5xxxx_01.s
      At line 345 in file startup_ht32f5xxxx_01.s

PDMA_CH2_5_IRQHandler 00000102

Symbol: PDMA_CH2_5_IRQHandler
   Definitions
      At line 386 in file startup_ht32f5xxxx_01.s
   Uses
      At line 242 in file startup_ht32f5xxxx_01.s
      At line 346 in file startup_ht32f5xxxx_01.s

PWM0_IRQHandler 00000102

Symbol: PWM0_IRQHandler
   Definitions
      At line 364 in file startup_ht32f5xxxx_01.s
   Uses
      At line 324 in file startup_ht32f5xxxx_01.s
Comment: PWM0_IRQHandler used once
PWM1_IRQHandler 00000102

Symbol: PWM1_IRQHandler
   Definitions
      At line 365 in file startup_ht32f5xxxx_01.s
   Uses
      At line 325 in file startup_ht32f5xxxx_01.s
Comment: PWM1_IRQHandler used once



ARM Macro Assembler    Page 5 Alphabetic symbol ordering
Relocatable symbols

PendSV_Handler 000000FE

Symbol: PendSV_Handler
   Definitions
      At line 297 in file startup_ht32f5xxxx_01.s
   Uses
      At line 112 in file startup_ht32f5xxxx_01.s
      At line 298 in file startup_ht32f5xxxx_01.s

QSPI_IRQHandler 00000102

Symbol: QSPI_IRQHandler
   Definitions
      At line 373 in file startup_ht32f5xxxx_01.s
   Uses
      At line 333 in file startup_ht32f5xxxx_01.s
Comment: QSPI_IRQHandler used once
RESET 00000000

Symbol: RESET
   Definitions
      At line 94 in file startup_ht32f5xxxx_01.s
   Uses
      None
Comment: RESET unused
RTC_IRQHandler 00000102

Symbol: RTC_IRQHandler
   Definitions
      At line 349 in file startup_ht32f5xxxx_01.s
   Uses
      At line 120 in file startup_ht32f5xxxx_01.s
      At line 309 in file startup_ht32f5xxxx_01.s

Reset_Handler 000000C0

Symbol: Reset_Handler
   Definitions
      At line 246 in file startup_ht32f5xxxx_01.s
   Uses
      At line 99 in file startup_ht32f5xxxx_01.s
      At line 247 in file startup_ht32f5xxxx_01.s

SCI_IRQHandler 00000102

Symbol: SCI_IRQHandler
   Definitions
      At line 380 in file startup_ht32f5xxxx_01.s
   Uses
      At line 211 in file startup_ht32f5xxxx_01.s
      At line 340 in file startup_ht32f5xxxx_01.s

SCTM0_IRQHandler 00000102

Symbol: SCTM0_IRQHandler
   Definitions
      At line 360 in file startup_ht32f5xxxx_01.s
   Uses
      At line 157 in file startup_ht32f5xxxx_01.s



ARM Macro Assembler    Page 6 Alphabetic symbol ordering
Relocatable symbols

      At line 320 in file startup_ht32f5xxxx_01.s

SCTM1_IRQHandler 00000102

Symbol: SCTM1_IRQHandler
   Definitions
      At line 361 in file startup_ht32f5xxxx_01.s
   Uses
      At line 158 in file startup_ht32f5xxxx_01.s
      At line 321 in file startup_ht32f5xxxx_01.s

SCTM2_IRQHandler 00000102

Symbol: SCTM2_IRQHandler
   Definitions
      At line 362 in file startup_ht32f5xxxx_01.s
   Uses
      At line 322 in file startup_ht32f5xxxx_01.s
Comment: SCTM2_IRQHandler used once
SCTM3_IRQHandler 00000102

Symbol: SCTM3_IRQHandler
   Definitions
      At line 363 in file startup_ht32f5xxxx_01.s
   Uses
      At line 323 in file startup_ht32f5xxxx_01.s
Comment: SCTM3_IRQHandler used once
SPI0_IRQHandler 00000102

Symbol: SPI0_IRQHandler
   Definitions
      At line 371 in file startup_ht32f5xxxx_01.s
   Uses
      At line 184 in file startup_ht32f5xxxx_01.s
      At line 331 in file startup_ht32f5xxxx_01.s

SPI1_IRQHandler 00000102

Symbol: SPI1_IRQHandler
   Definitions
      At line 372 in file startup_ht32f5xxxx_01.s
   Uses
      At line 191 in file startup_ht32f5xxxx_01.s
      At line 332 in file startup_ht32f5xxxx_01.s

SVC_Handler 000000FC

Symbol: SVC_Handler
   Definitions
      At line 292 in file startup_ht32f5xxxx_01.s
   Uses
      At line 109 in file startup_ht32f5xxxx_01.s
      At line 293 in file startup_ht32f5xxxx_01.s

SysStart 000000F6

Symbol: SysStart
   Definitions
      At line 278 in file startup_ht32f5xxxx_01.s



ARM Macro Assembler    Page 7 Alphabetic symbol ordering
Relocatable symbols

   Uses
      At line 262 in file startup_ht32f5xxxx_01.s
      At line 265 in file startup_ht32f5xxxx_01.s
      At line 268 in file startup_ht32f5xxxx_01.s
      At line 271 in file startup_ht32f5xxxx_01.s

SysTick_Handler 00000100

Symbol: SysTick_Handler
   Definitions
      At line 302 in file startup_ht32f5xxxx_01.s
   Uses
      At line 113 in file startup_ht32f5xxxx_01.s
      At line 303 in file startup_ht32f5xxxx_01.s

UART0_IRQHandler 00000102

Symbol: UART0_IRQHandler
   Definitions
      At line 376 in file startup_ht32f5xxxx_01.s
   Uses
      At line 204 in file startup_ht32f5xxxx_01.s
      At line 336 in file startup_ht32f5xxxx_01.s

UART1_IRQHandler 00000102

Symbol: UART1_IRQHandler
   Definitions
      At line 377 in file startup_ht32f5xxxx_01.s
   Uses
      At line 208 in file startup_ht32f5xxxx_01.s
      At line 337 in file startup_ht32f5xxxx_01.s

UART2_IRQHandler 00000102

Symbol: UART2_IRQHandler
   Definitions
      At line 378 in file startup_ht32f5xxxx_01.s
   Uses
      At line 338 in file startup_ht32f5xxxx_01.s
Comment: UART2_IRQHandler used once
UART3_IRQHandler 00000102

Symbol: UART3_IRQHandler
   Definitions
      At line 379 in file startup_ht32f5xxxx_01.s
   Uses
      At line 339 in file startup_ht32f5xxxx_01.s
Comment: UART3_IRQHandler used once
USART0_IRQHandler 00000102

Symbol: USART0_IRQHandler
   Definitions
      At line 374 in file startup_ht32f5xxxx_01.s
   Uses
      At line 197 in file startup_ht32f5xxxx_01.s
      At line 334 in file startup_ht32f5xxxx_01.s

USART1_IRQHandler 00000102



ARM Macro Assembler    Page 8 Alphabetic symbol ordering
Relocatable symbols


Symbol: USART1_IRQHandler
   Definitions
      At line 375 in file startup_ht32f5xxxx_01.s
   Uses
      At line 200 in file startup_ht32f5xxxx_01.s
      At line 335 in file startup_ht32f5xxxx_01.s

USB_IRQHandler 00000102

Symbol: USB_IRQHandler
   Definitions
      At line 384 in file startup_ht32f5xxxx_01.s
   Uses
      At line 235 in file startup_ht32f5xxxx_01.s
      At line 344 in file startup_ht32f5xxxx_01.s

__Vectors 00000000

Symbol: __Vectors
   Definitions
      At line 97 in file startup_ht32f5xxxx_01.s
   Uses
      At line 95 in file startup_ht32f5xxxx_01.s
Comment: __Vectors used once
50 symbols



ARM Macro Assembler    Page 1 Alphabetic symbol ordering
Absolute symbols

HT32F0006 0000000A

Symbol: HT32F0006
   Definitions
      At line 62 in file startup_ht32f5xxxx_01.s
   Uses
      At line 142 in file startup_ht32f5xxxx_01.s
      At line 160 in file startup_ht32f5xxxx_01.s
      At line 179 in file startup_ht32f5xxxx_01.s
      At line 188 in file startup_ht32f5xxxx_01.s
      At line 205 in file startup_ht32f5xxxx_01.s
      At line 216 in file startup_ht32f5xxxx_01.s
      At line 222 in file startup_ht32f5xxxx_01.s
      At line 234 in file startup_ht32f5xxxx_01.s
      At line 240 in file startup_ht32f5xxxx_01.s

HT32F0008 00000006

Symbol: HT32F0008
   Definitions
      At line 60 in file startup_ht32f5xxxx_01.s
   Uses
      At line 132 in file startup_ht32f5xxxx_01.s
      At line 142 in file startup_ht32f5xxxx_01.s
      At line 153 in file startup_ht32f5xxxx_01.s
      At line 164 in file startup_ht32f5xxxx_01.s
      At line 179 in file startup_ht32f5xxxx_01.s
      At line 185 in file startup_ht32f5xxxx_01.s
      At line 205 in file startup_ht32f5xxxx_01.s
      At line 219 in file startup_ht32f5xxxx_01.s
      At line 231 in file startup_ht32f5xxxx_01.s
      At line 234 in file startup_ht32f5xxxx_01.s
      At line 240 in file startup_ht32f5xxxx_01.s

HT32F52220_30 00000001

Symbol: HT32F52220_30
   Definitions
      At line 55 in file startup_ht32f5xxxx_01.s
   Uses
      At line 117 in file startup_ht32f5xxxx_01.s
      At line 142 in file startup_ht32f5xxxx_01.s
      At line 168 in file startup_ht32f5xxxx_01.s
      At line 173 in file startup_ht32f5xxxx_01.s
      At line 179 in file startup_ht32f5xxxx_01.s
      At line 185 in file startup_ht32f5xxxx_01.s
      At line 205 in file startup_ht32f5xxxx_01.s

HT32F52231_41 00000002

Symbol: HT32F52231_41
   Definitions
      At line 56 in file startup_ht32f5xxxx_01.s
   Uses
      At line 160 in file startup_ht32f5xxxx_01.s
Comment: HT32F52231_41 used once
HT32F52243_53 00000005

Symbol: HT32F52243_53



ARM Macro Assembler    Page 2 Alphabetic symbol ordering
Absolute symbols

   Definitions
      At line 59 in file startup_ht32f5xxxx_01.s
   Uses
      At line 137 in file startup_ht32f5xxxx_01.s
      At line 160 in file startup_ht32f5xxxx_01.s
      At line 199 in file startup_ht32f5xxxx_01.s
      At line 213 in file startup_ht32f5xxxx_01.s
      At line 228 in file startup_ht32f5xxxx_01.s
      At line 237 in file startup_ht32f5xxxx_01.s
      At line 240 in file startup_ht32f5xxxx_01.s

HT32F52331_41 00000003

Symbol: HT32F52331_41
   Definitions
      At line 57 in file startup_ht32f5xxxx_01.s
   Uses
      At line 160 in file startup_ht32f5xxxx_01.s
      At line 210 in file startup_ht32f5xxxx_01.s
      At line 225 in file startup_ht32f5xxxx_01.s
      At line 234 in file startup_ht32f5xxxx_01.s

HT32F52342_52 00000004

Symbol: HT32F52342_52
   Definitions
      At line 58 in file startup_ht32f5xxxx_01.s
   Uses
      At line 127 in file startup_ht32f5xxxx_01.s
      At line 147 in file startup_ht32f5xxxx_01.s
      At line 168 in file startup_ht32f5xxxx_01.s
      At line 199 in file startup_ht32f5xxxx_01.s
      At line 210 in file startup_ht32f5xxxx_01.s
      At line 222 in file startup_ht32f5xxxx_01.s
      At line 234 in file startup_ht32f5xxxx_01.s
      At line 240 in file startup_ht32f5xxxx_01.s

HT32F52344_54 00000009

Symbol: HT32F52344_54
   Definitions
      At line 61 in file startup_ht32f5xxxx_01.s
   Uses
      At line 127 in file startup_ht32f5xxxx_01.s
      At line 168 in file startup_ht32f5xxxx_01.s
      At line 179 in file startup_ht32f5xxxx_01.s
      At line 194 in file startup_ht32f5xxxx_01.s
      At line 219 in file startup_ht32f5xxxx_01.s
      At line 225 in file startup_ht32f5xxxx_01.s
      At line 234 in file startup_ht32f5xxxx_01.s
      At line 240 in file startup_ht32f5xxxx_01.s

Heap_Size 00000000

Symbol: Heap_Size
   Definitions
      At line 80 in file startup_ht32f5xxxx_01.s
   Uses
      At line 85 in file startup_ht32f5xxxx_01.s



ARM Macro Assembler    Page 3 Alphabetic symbol ordering
Absolute symbols

Comment: Heap_Size used once
Stack_Size 00000200

Symbol: Stack_Size
   Definitions
      At line 72 in file startup_ht32f5xxxx_01.s
   Uses
      At line 76 in file startup_ht32f5xxxx_01.s
Comment: Stack_Size used once
USE_HT32_CHIP_SET 00000000

Symbol: USE_HT32_CHIP_SET
   Definitions
      At line 37 in file startup_ht32f5xxxx_01.s
   Uses
      At line 64 in file startup_ht32f5xxxx_01.s
Comment: USE_HT32_CHIP_SET used once
_HT32FWID FFFFFFFF

Symbol: _HT32FWID
   Definitions
      At line 39 in file startup_ht32f5xxxx_01.s
   Uses
      At line 106 in file startup_ht32f5xxxx_01.s
Comment: _HT32FWID used once
_RESERVED FFFFFFFF

Symbol: _RESERVED
   Definitions
      At line 96 in file startup_ht32f5xxxx_01.s
   Uses
      At line 102 in file startup_ht32f5xxxx_01.s
      At line 103 in file startup_ht32f5xxxx_01.s
      At line 104 in file startup_ht32f5xxxx_01.s
      At line 105 in file startup_ht32f5xxxx_01.s
      At line 107 in file startup_ht32f5xxxx_01.s
      At line 108 in file startup_ht32f5xxxx_01.s
      At line 110 in file startup_ht32f5xxxx_01.s
      At line 111 in file startup_ht32f5xxxx_01.s
      At line 140 in file startup_ht32f5xxxx_01.s
      At line 169 in file startup_ht32f5xxxx_01.s
      At line 170 in file startup_ht32f5xxxx_01.s

13 symbols



ARM Macro Assembler    Page 1 Alphabetic symbol ordering
External symbols

SystemInit 00000000

Symbol: SystemInit
   Definitions
      At line 248 in file startup_ht32f5xxxx_01.s
   Uses
      At line 252 in file startup_ht32f5xxxx_01.s
Comment: SystemInit used once
__main 00000000

Symbol: __main
   Definitions
      At line 249 in file startup_ht32f5xxxx_01.s
   Uses
      At line 254 in file startup_ht32f5xxxx_01.s
Comment: __main used once
2 symbols
410 symbols in table
